This file contains any messages produced by compilers while
running configure, to aid debugging if configure makes a mistake.

It was created by libibverbs configure 1.1.6, which was
generated by GNU Autoconf 2.69.  Invocation command line was

  $ ./configure --no-create --no-recursion

## --------- ##
## Platform. ##
## --------- ##

hostname = odroid0
uname -m = armv7l
uname -r = 3.0.90
uname -s = Linux
uname -v = #2 SMP Wed Oct 16 16:26:07 EDT 2013

/usr/bin/uname -p = armv7l
/bin/uname -X     = unknown

/bin/arch              = armv7l
/usr/bin/arch -k       = unknown
/usr/convex/getsysinfo = unknown
/usr/bin/hostinfo      = unknown
/bin/machine           = unknown
/usr/bin/oslevel       = unknown
/bin/universe          = unknown

PATH: /usr/local/sbin
PATH: /usr/local/bin
PATH: /usr/sbin
PATH: /usr/bin
PATH: /root/bin


## ----------- ##
## Core tests. ##
## ----------- ##

configure:2253: checking for a BSD-compatible install
configure:2321: result: /usr/bin/install -c
configure:2332: checking whether build environment is sane
configure:2382: result: yes
configure:2523: checking for a thread-safe mkdir -p
configure:2562: result: /usr/bin/mkdir -p
configure:2575: checking for gawk
configure:2591: found /usr/bin/gawk
configure:2602: result: gawk
configure:2613: checking whether make sets $(MAKE)
configure:2635: result: yes
configure:2776: checking for gcc
configure:2792: found /usr/bin/gcc
configure:2803: result: gcc
configure:3032: checking for C compiler version
configure:3041: gcc --version >&5
gcc (GCC) 4.7.2 20121109 (Red Hat 4.7.2-8)
Copyright (C) 2012 Free Software Foundation, Inc.
This is free software; see the source for copying conditions.  There is NO
warranty; not even for MERCHANTABILITY or FITNESS FOR A PARTICULAR PURPOSE.

configure:3052: $? = 0
configure:3041: gcc -v >&5
Using built-in specs.
COLLECT_GCC=gcc
COLLECT_LTO_WRAPPER=/usr/libexec/gcc/armv7hl-redhat-linux-gnueabi/4.7.2/lto-wrapper
Target: armv7hl-redhat-linux-gnueabi
Configured with: ../configure --prefix=/usr --mandir=/usr/share/man --infodir=/usr/share/info --with-bugurl=http://bugzilla.redhat.com/bugzilla --enable-bootstrap --enable-shared --enable-threads=posix --enable-checking=release --disable-build-with-cxx --disable-build-poststage1-with-cxx --with-system-zlib --enable-__cxa_atexit --disable-libunwind-exceptions --enable-gnu-unique-object --enable-linker-build-id --with-linker-hash-style=gnu --enable-languages=c,c++,objc,obj-c++,java,fortran,go,lto --enable-plugin --enable-initfini-array --enable-java-awt=gtk --disable-dssi --with-java-home=/usr/lib/jvm/java-1.5.0-gcj-1.5.0.0/jre --enable-libgcj-multifile --enable-java-maintainer-mode --with-ecj-jar=/usr/share/java/eclipse-ecj.jar --disable-libjava-multilib --with-ppl --with-cloog --disable-sjlj-exceptions --with-cpu=cortex-a8 --with-tune=cortex-a8 --with-arch=armv7-a --with-float=hard --with-fpu=vfpv3-d16 --with-abi=aapcs-linux --build=armv7hl-redhat-linux-gnueabi
Thread model: posix
gcc version 4.7.2 20121109 (Red Hat 4.7.2-8) (GCC) 
configure:3052: $? = 0
configure:3041: gcc -V >&5
gcc: error: unrecognized command line option '-V'
gcc: fatal error: no input files
compilation terminated.
configure:3052: $? = 4
configure:3041: gcc -qversion >&5
gcc: error: unrecognized command line option '-qversion'
gcc: fatal error: no input files
compilation terminated.
configure:3052: $? = 4
configure:3072: checking whether the C compiler works
configure:3094: gcc    conftest.c  >&5
configure:3098: $? = 0
configure:3146: result: yes
configure:3149: checking for C compiler default output file name
configure:3151: result: a.out
configure:3157: checking for suffix of executables
configure:3164: gcc -o conftest    conftest.c  >&5
configure:3168: $? = 0
configure:3190: result: 
configure:3212: checking whether we are cross compiling
configure:3220: gcc -o conftest    conftest.c  >&5
configure:3224: $? = 0
configure:3231: ./conftest
configure:3235: $? = 0
configure:3250: result: no
configure:3255: checking for suffix of object files
configure:3277: gcc -c   conftest.c >&5
configure:3281: $? = 0
configure:3302: result: o
configure:3306: checking whether we are using the GNU C compiler
configure:3325: gcc -c   conftest.c >&5
configure:3325: $? = 0
configure:3334: result: yes
configure:3343: checking whether gcc accepts -g
configure:3363: gcc -c -g  conftest.c >&5
configure:3363: $? = 0
configure:3404: result: yes
configure:3421: checking for gcc option to accept ISO C89
configure:3484: gcc  -c -g -O2  conftest.c >&5
configure:3484: $? = 0
configure:3497: result: none needed
configure:3528: checking for style of include used by make
configure:3556: result: GNU
configure:3581: checking dependency style of gcc
configure:3691: result: gcc3
configure:3712: checking how to run the C preprocessor
configure:3743: gcc -E  conftest.c
configure:3743: $? = 0
configure:3757: gcc -E  conftest.c
conftest.c:11:28: fatal error: ac_nonexistent.h: No such file or directory
compilation terminated.
configure:3757: $? = 1
configure: failed program was:
| /* confdefs.h */
| #define PACKAGE_NAME "libibverbs"
| #define PACKAGE_TARNAME "libibverbs"
| #define PACKAGE_VERSION "1.1.6"
| #define PACKAGE_STRING "libibverbs 1.1.6"
| #define PACKAGE_BUGREPORT "linux-rdma@vger.kernel.org"
| #define PACKAGE_URL ""
| #define PACKAGE "libibverbs"
| #define VERSION "1.1.6"
| /* end confdefs.h.  */
| #include <ac_nonexistent.h>
configure:3782: result: gcc -E
configure:3802: gcc -E  conftest.c
configure:3802: $? = 0
configure:3816: gcc -E  conftest.c
conftest.c:11:28: fatal error: ac_nonexistent.h: No such file or directory
compilation terminated.
configure:3816: $? = 1
configure: failed program was:
| /* confdefs.h */
| #define PACKAGE_NAME "libibverbs"
| #define PACKAGE_TARNAME "libibverbs"
| #define PACKAGE_VERSION "1.1.6"
| #define PACKAGE_STRING "libibverbs 1.1.6"
| #define PACKAGE_BUGREPORT "linux-rdma@vger.kernel.org"
| #define PACKAGE_URL ""
| #define PACKAGE "libibverbs"
| #define VERSION "1.1.6"
| /* end confdefs.h.  */
| #include <ac_nonexistent.h>
configure:3845: checking for grep that handles long lines and -e
configure:3903: result: /usr/bin/grep
configure:3908: checking for egrep
configure:3970: result: /usr/bin/grep -E
configure:3975: checking for ANSI C header files
configure:3995: gcc -c -g -O2  conftest.c >&5
configure:3995: $? = 0
configure:4068: gcc -o conftest -g -O2   conftest.c  >&5
configure:4068: $? = 0
configure:4068: ./conftest
configure:4068: $? = 0
configure:4079: result: yes
configure:4092: checking for sys/types.h
configure:4092: gcc -c -g -O2  conftest.c >&5
configure:4092: $? = 0
configure:4092: result: yes
configure:4092: checking for sys/stat.h
configure:4092: gcc -c -g -O2  conftest.c >&5
configure:4092: $? = 0
configure:4092: result: yes
configure:4092: checking for stdlib.h
configure:4092: gcc -c -g -O2  conftest.c >&5
configure:4092: $? = 0
configure:4092: result: yes
configure:4092: checking for string.h
configure:4092: gcc -c -g -O2  conftest.c >&5
configure:4092: $? = 0
configure:4092: result: yes
configure:4092: checking for memory.h
configure:4092: gcc -c -g -O2  conftest.c >&5
configure:4092: $? = 0
configure:4092: result: yes
configure:4092: checking for strings.h
configure:4092: gcc -c -g -O2  conftest.c >&5
configure:4092: $? = 0
configure:4092: result: yes
configure:4092: checking for inttypes.h
configure:4092: gcc -c -g -O2  conftest.c >&5
configure:4092: $? = 0
configure:4092: result: yes
configure:4092: checking for stdint.h
configure:4092: gcc -c -g -O2  conftest.c >&5
configure:4092: $? = 0
configure:4092: result: yes
configure:4092: checking for unistd.h
configure:4092: gcc -c -g -O2  conftest.c >&5
configure:4092: $? = 0
configure:4092: result: yes
configure:4105: checking minix/config.h usability
configure:4105: gcc -c -g -O2  conftest.c >&5
conftest.c:54:26: fatal error: minix/config.h: No such file or directory
compilation terminated.
configure:4105: $? = 1
configure: failed program was:
| /* confdefs.h */
| #define PACKAGE_NAME "libibverbs"
| #define PACKAGE_TARNAME "libibverbs"
| #define PACKAGE_VERSION "1.1.6"
| #define PACKAGE_STRING "libibverbs 1.1.6"
| #define PACKAGE_BUGREPORT "linux-rdma@vger.kernel.org"
| #define PACKAGE_URL ""
| #define PACKAGE "libibverbs"
| #define VERSION "1.1.6"
| #define STDC_HEADERS 1
| #define HAVE_SYS_TYPES_H 1
| #define HAVE_SYS_STAT_H 1
| #define HAVE_STDLIB_H 1
| #define HAVE_STRING_H 1
| #define HAVE_MEMORY_H 1
| #define HAVE_STRINGS_H 1
| #define HAVE_INTTYPES_H 1
| #define HAVE_STDINT_H 1
| #define HAVE_UNISTD_H 1
| /* end confdefs.h.  */
| #include <stdio.h>
| #ifdef HAVE_SYS_TYPES_H
| # include <sys/types.h>
| #endif
| #ifdef HAVE_SYS_STAT_H
| # include <sys/stat.h>
| #endif
| #ifdef STDC_HEADERS
| # include <stdlib.h>
| # include <stddef.h>
| #else
| # ifdef HAVE_STDLIB_H
| #  include <stdlib.h>
| # endif
| #endif
| #ifdef HAVE_STRING_H
| # if !defined STDC_HEADERS && defined HAVE_MEMORY_H
| #  include <memory.h>
| # endif
| # include <string.h>
| #endif
| #ifdef HAVE_STRINGS_H
| # include <strings.h>
| #endif
| #ifdef HAVE_INTTYPES_H
| # include <inttypes.h>
| #endif
| #ifdef HAVE_STDINT_H
| # include <stdint.h>
| #endif
| #ifdef HAVE_UNISTD_H
| # include <unistd.h>
| #endif
| #include <minix/config.h>
configure:4105: result: no
configure:4105: checking minix/config.h presence
configure:4105: gcc -E  conftest.c
conftest.c:21:26: fatal error: minix/config.h: No such file or directory
compilation terminated.
configure:4105: $? = 1
configure: failed program was:
| /* confdefs.h */
| #define PACKAGE_NAME "libibverbs"
| #define PACKAGE_TARNAME "libibverbs"
| #define PACKAGE_VERSION "1.1.6"
| #define PACKAGE_STRING "libibverbs 1.1.6"
| #define PACKAGE_BUGREPORT "linux-rdma@vger.kernel.org"
| #define PACKAGE_URL ""
| #define PACKAGE "libibverbs"
| #define VERSION "1.1.6"
| #define STDC_HEADERS 1
| #define HAVE_SYS_TYPES_H 1
| #define HAVE_SYS_STAT_H 1
| #define HAVE_STDLIB_H 1
| #define HAVE_STRING_H 1
| #define HAVE_MEMORY_H 1
| #define HAVE_STRINGS_H 1
| #define HAVE_INTTYPES_H 1
| #define HAVE_STDINT_H 1
| #define HAVE_UNISTD_H 1
| /* end confdefs.h.  */
| #include <minix/config.h>
configure:4105: result: no
configure:4105: checking for minix/config.h
configure:4105: result: no
configure:4126: checking whether it is safe to define __EXTENSIONS__
configure:4144: gcc -c -g -O2  conftest.c >&5
configure:4144: $? = 0
configure:4151: result: yes
configure:4166: checking whether ln -s works
configure:4170: result: yes
configure:4206: checking build system type
configure:4220: result: armv7l-unknown-linux-gnueabi
configure:4240: checking host system type
configure:4253: result: armv7l-unknown-linux-gnueabi
configure:4294: checking how to print strings
configure:4321: result: printf
configure:4342: checking for a sed that does not truncate output
configure:4406: result: /usr/bin/sed
configure:4424: checking for fgrep
configure:4486: result: /usr/bin/grep -F
configure:4521: checking for ld used by gcc
configure:4588: result: /usr/bin/ld
configure:4595: checking if the linker (/usr/bin/ld) is GNU ld
configure:4610: result: yes
configure:4622: checking for BSD- or MS-compatible name lister (nm)
configure:4671: result: /usr/bin/nm -B
configure:4801: checking the name lister (/usr/bin/nm -B) interface
configure:4808: gcc -c -g -O2  conftest.c >&5
configure:4811: /usr/bin/nm -B "conftest.o"
configure:4814: output
00000000 B some_variable
configure:4821: result: BSD nm
configure:4825: checking the maximum length of command line arguments
configure:4955: result: 1572864
configure:4972: checking whether the shell understands some XSI constructs
configure:4982: result: yes
configure:4986: checking whether the shell understands "+="
configure:4992: result: yes
configure:5027: checking how to convert armv7l-unknown-linux-gnueabi file names to armv7l-unknown-linux-gnueabi format
configure:5067: result: func_convert_file_noop
configure:5074: checking how to convert armv7l-unknown-linux-gnueabi file names to toolchain format
configure:5094: result: func_convert_file_noop
configure:5101: checking for /usr/bin/ld option to reload object files
configure:5108: result: -r
configure:5182: checking for objdump
configure:5198: found /usr/bin/objdump
configure:5209: result: objdump
configure:5241: checking how to recognize dependent libraries
configure:5443: result: pass_all
configure:5528: checking for dlltool
configure:5558: result: no
configure:5588: checking how to associate runtime and link libraries
configure:5615: result: printf %s\n
configure:5675: checking for ar
configure:5691: found /usr/bin/ar
configure:5702: result: ar
configure:5739: checking for archiver @FILE support
configure:5756: gcc -c -g -O2  conftest.c >&5
configure:5756: $? = 0
configure:5759: ar cru libconftest.a @conftest.lst >&5
configure:5762: $? = 0
configure:5767: ar cru libconftest.a @conftest.lst >&5
ar: conftest.o: No such file or directory
configure:5770: $? = 1
configure:5782: result: @
configure:5840: checking for strip
configure:5856: found /usr/bin/strip
configure:5867: result: strip
configure:5939: checking for ranlib
configure:5955: found /usr/bin/ranlib
configure:5966: result: ranlib
configure:6068: checking command to parse /usr/bin/nm -B output from gcc object
configure:6188: gcc -c -g -O2  conftest.c >&5
configure:6191: $? = 0
configure:6195: /usr/bin/nm -B conftest.o \| sed -n -e 's/^.*[ ]\([ABCDGIRSTW][ABCDGIRSTW]*\)[ ][ ]*\([_A-Za-z][_A-Za-z0-9]*\)$/\1 \2 \2/p' | sed '/ __gnu_lto/d' \> conftest.nm
configure:6198: $? = 0
configure:6264: gcc -o conftest -g -O2   conftest.c conftstm.o >&5
configure:6267: $? = 0
configure:6305: result: ok
configure:6342: checking for sysroot
configure:6372: result: no
configure:6628: checking for mt
configure:6658: result: no
configure:6678: checking if : is a manifest tool
configure:6684: : '-?'
configure:6692: result: no
configure:7331: checking for dlfcn.h
configure:7331: gcc -c -g -O2  conftest.c >&5
configure:7331: $? = 0
configure:7331: result: yes
configure:7537: checking for objdir
configure:7552: result: .libs
configure:7823: checking if gcc supports -fno-rtti -fno-exceptions
configure:7841: gcc -c -g -O2  -fno-rtti -fno-exceptions conftest.c >&5
cc1: warning: command line option '-fno-rtti' is valid for C++/ObjC++ but not for C [enabled by default]
configure:7845: $? = 0
configure:7858: result: no
configure:8185: checking for gcc option to produce PIC
configure:8192: result: -fPIC -DPIC
configure:8200: checking if gcc PIC flag -fPIC -DPIC works
configure:8218: gcc -c -g -O2  -fPIC -DPIC -DPIC conftest.c >&5
configure:8222: $? = 0
configure:8235: result: yes
configure:8264: checking if gcc static flag -static works
configure:8292: result: no
configure:8307: checking if gcc supports -c -o file.o
configure:8328: gcc -c -g -O2  -o out/conftest2.o conftest.c >&5
configure:8332: $? = 0
configure:8354: result: yes
configure:8362: checking if gcc supports -c -o file.o
configure:8409: result: yes
configure:8442: checking whether the gcc linker (/usr/bin/ld) supports shared libraries
configure:9599: result: yes
configure:9636: checking whether -lc should be explicitly linked in
configure:9644: gcc -c -g -O2  conftest.c >&5
configure:9647: $? = 0
configure:9662: gcc -shared  -fPIC -DPIC conftest.o  -v -Wl,-soname -Wl,conftest -o conftest 2\>\&1 \| /usr/bin/grep  -lc  \>/dev/null 2\>\&1
configure:9665: $? = 0
configure:9679: result: no
configure:9839: checking dynamic linker characteristics
configure:10350: gcc -o conftest -g -O2   -Wl,-rpath -Wl,/foo conftest.c  >&5
configure:10350: $? = 0
configure:10584: result: GNU/Linux ld.so
configure:10691: checking how to hardcode library paths into programs
configure:10716: result: immediate
configure:11256: checking whether stripping libraries is possible
configure:11261: result: yes
configure:11296: checking if libtool supports shared libraries
configure:11298: result: yes
configure:11301: checking whether to build shared libraries
configure:11322: result: yes
configure:11325: checking whether to build static libraries
configure:11329: result: yes
configure:11387: checking for dlsym in -ldl
configure:11412: gcc -o conftest -g -O2   conftest.c -ldl   >&5
configure:11412: $? = 0
configure:11421: result: yes
configure:11434: checking for pthread_mutex_init in -lpthread
configure:11459: gcc -o conftest -g -O2   conftest.c -lpthread  -ldl  >&5
configure:11459: $? = 0
configure:11468: result: yes
configure:11482: checking for ANSI C header files
configure:11586: result: yes
configure:11594: checking valgrind/memcheck.h usability
configure:11594: gcc -c -g -O2  conftest.c >&5
conftest.c:65:31: fatal error: valgrind/memcheck.h: No such file or directory
compilation terminated.
configure:11594: $? = 1
configure: failed program was:
| /* confdefs.h */
| #define PACKAGE_NAME "libibverbs"
| #define PACKAGE_TARNAME "libibverbs"
| #define PACKAGE_VERSION "1.1.6"
| #define PACKAGE_STRING "libibverbs 1.1.6"
| #define PACKAGE_BUGREPORT "linux-rdma@vger.kernel.org"
| #define PACKAGE_URL ""
| #define PACKAGE "libibverbs"
| #define VERSION "1.1.6"
| #define STDC_HEADERS 1
| #define HAVE_SYS_TYPES_H 1
| #define HAVE_SYS_STAT_H 1
| #define HAVE_STDLIB_H 1
| #define HAVE_STRING_H 1
| #define HAVE_MEMORY_H 1
| #define HAVE_STRINGS_H 1
| #define HAVE_INTTYPES_H 1
| #define HAVE_STDINT_H 1
| #define HAVE_UNISTD_H 1
| #define __EXTENSIONS__ 1
| #define _ALL_SOURCE 1
| #define _GNU_SOURCE 1
| #define _POSIX_PTHREAD_SEMANTICS 1
| #define _TANDEM_SOURCE 1
| #define HAVE_DLFCN_H 1
| #define LT_OBJDIR ".libs/"
| #define NVALGRIND 1
| #define HAVE_LIBDL 1
| #define HAVE_LIBPTHREAD 1
| #define STDC_HEADERS 1
| /* end confdefs.h.  */
| #include <stdio.h>
| #ifdef HAVE_SYS_TYPES_H
| # include <sys/types.h>
| #endif
| #ifdef HAVE_SYS_STAT_H
| # include <sys/stat.h>
| #endif
| #ifdef STDC_HEADERS
| # include <stdlib.h>
| # include <stddef.h>
| #else
| # ifdef HAVE_STDLIB_H
| #  include <stdlib.h>
| # endif
| #endif
| #ifdef HAVE_STRING_H
| # if !defined STDC_HEADERS && defined HAVE_MEMORY_H
| #  include <memory.h>
| # endif
| # include <string.h>
| #endif
| #ifdef HAVE_STRINGS_H
| # include <strings.h>
| #endif
| #ifdef HAVE_INTTYPES_H
| # include <inttypes.h>
| #endif
| #ifdef HAVE_STDINT_H
| # include <stdint.h>
| #endif
| #ifdef HAVE_UNISTD_H
| # include <unistd.h>
| #endif
| #include <valgrind/memcheck.h>
configure:11594: result: no
configure:11594: checking valgrind/memcheck.h presence
configure:11594: gcc -E  conftest.c
conftest.c:32:31: fatal error: valgrind/memcheck.h: No such file or directory
compilation terminated.
configure:11594: $? = 1
configure: failed program was:
| /* confdefs.h */
| #define PACKAGE_NAME "libibverbs"
| #define PACKAGE_TARNAME "libibverbs"
| #define PACKAGE_VERSION "1.1.6"
| #define PACKAGE_STRING "libibverbs 1.1.6"
| #define PACKAGE_BUGREPORT "linux-rdma@vger.kernel.org"
| #define PACKAGE_URL ""
| #define PACKAGE "libibverbs"
| #define VERSION "1.1.6"
| #define STDC_HEADERS 1
| #define HAVE_SYS_TYPES_H 1
| #define HAVE_SYS_STAT_H 1
| #define HAVE_STDLIB_H 1
| #define HAVE_STRING_H 1
| #define HAVE_MEMORY_H 1
| #define HAVE_STRINGS_H 1
| #define HAVE_INTTYPES_H 1
| #define HAVE_STDINT_H 1
| #define HAVE_UNISTD_H 1
| #define __EXTENSIONS__ 1
| #define _ALL_SOURCE 1
| #define _GNU_SOURCE 1
| #define _POSIX_PTHREAD_SEMANTICS 1
| #define _TANDEM_SOURCE 1
| #define HAVE_DLFCN_H 1
| #define LT_OBJDIR ".libs/"
| #define NVALGRIND 1
| #define HAVE_LIBDL 1
| #define HAVE_LIBPTHREAD 1
| #define STDC_HEADERS 1
| /* end confdefs.h.  */
| #include <valgrind/memcheck.h>
configure:11594: result: no
configure:11594: checking for valgrind/memcheck.h
configure:11594: result: no
configure:11607: checking for an ANSI C-conforming const
configure:11673: gcc -c -g -O2  conftest.c >&5
configure:11673: $? = 0
configure:11680: result: yes
configure:11689: checking whether ld accepts --version-script
configure:11700: result: yes
configure:11710: checking for .symver assembler support
configure:11726: gcc -c -g -O2  conftest.c >&5
configure:11726: $? = 0
configure:11733: result: yes
configure:11873: creating ./config.status

## ---------------- ##
## Cache variables. ##
## ---------------- ##

ac_cv_asm_symver_support=yes
ac_cv_build=armv7l-unknown-linux-gnueabi
ac_cv_c_compiler_gnu=yes
ac_cv_c_const=yes
ac_cv_env_CC_set=
ac_cv_env_CC_value=
ac_cv_env_CFLAGS_set=
ac_cv_env_CFLAGS_value=
ac_cv_env_CPPFLAGS_set=
ac_cv_env_CPPFLAGS_value=
ac_cv_env_CPP_set=
ac_cv_env_CPP_value=
ac_cv_env_LDFLAGS_set=
ac_cv_env_LDFLAGS_value=
ac_cv_env_LIBS_set=
ac_cv_env_LIBS_value=
ac_cv_env_build_alias_set=
ac_cv_env_build_alias_value=
ac_cv_env_host_alias_set=
ac_cv_env_host_alias_value=
ac_cv_env_target_alias_set=
ac_cv_env_target_alias_value=
ac_cv_header_dlfcn_h=yes
ac_cv_header_inttypes_h=yes
ac_cv_header_memory_h=yes
ac_cv_header_minix_config_h=no
ac_cv_header_stdc=yes
ac_cv_header_stdint_h=yes
ac_cv_header_stdlib_h=yes
ac_cv_header_string_h=yes
ac_cv_header_strings_h=yes
ac_cv_header_sys_stat_h=yes
ac_cv_header_sys_types_h=yes
ac_cv_header_unistd_h=yes
ac_cv_header_valgrind_memcheck_h=no
ac_cv_host=armv7l-unknown-linux-gnueabi
ac_cv_lib_dl_dlsym=yes
ac_cv_lib_pthread_pthread_mutex_init=yes
ac_cv_objext=o
ac_cv_path_EGREP='/usr/bin/grep -E'
ac_cv_path_FGREP='/usr/bin/grep -F'
ac_cv_path_GREP=/usr/bin/grep
ac_cv_path_SED=/usr/bin/sed
ac_cv_path_install='/usr/bin/install -c'
ac_cv_path_mkdir=/usr/bin/mkdir
ac_cv_prog_AWK=gawk
ac_cv_prog_CPP='gcc -E'
ac_cv_prog_ac_ct_AR=ar
ac_cv_prog_ac_ct_CC=gcc
ac_cv_prog_ac_ct_OBJDUMP=objdump
ac_cv_prog_ac_ct_RANLIB=ranlib
ac_cv_prog_ac_ct_STRIP=strip
ac_cv_prog_cc_c89=
ac_cv_prog_cc_g=yes
ac_cv_prog_make_make_set=yes
ac_cv_safe_to_define___extensions__=yes
ac_cv_version_script=yes
am_cv_CC_dependencies_compiler_type=gcc3
lt_cv_ar_at_file=@
lt_cv_archive_cmds_need_lc=no
lt_cv_deplibs_check_method=pass_all
lt_cv_file_magic_cmd='$MAGIC_CMD'
lt_cv_file_magic_test_file=
lt_cv_ld_reload_flag=-r
lt_cv_nm_interface='BSD nm'
lt_cv_objdir=.libs
lt_cv_path_LD=/usr/bin/ld
lt_cv_path_NM='/usr/bin/nm -B'
lt_cv_path_mainfest_tool=no
lt_cv_prog_compiler_c_o=yes
lt_cv_prog_compiler_pic='-fPIC -DPIC'
lt_cv_prog_compiler_pic_works=yes
lt_cv_prog_compiler_rtti_exceptions=no
lt_cv_prog_compiler_static_works=no
lt_cv_prog_gnu_ld=yes
lt_cv_sharedlib_from_linklib_cmd='printf %s\n'
lt_cv_shlibpath_overrides_runpath=no
lt_cv_sys_global_symbol_pipe='sed -n -e '\''s/^.*[	 ]\([ABCDGIRSTW][ABCDGIRSTW]*\)[	 ][	 ]*\([_A-Za-z][_A-Za-z0-9]*\)$/\1 \2 \2/p'\'' | sed '\''/ __gnu_lto/d'\'''
lt_cv_sys_global_symbol_to_c_name_address='sed -n -e '\''s/^: \([^ ]*\)[ ]*$/  {\"\1\", (void *) 0},/p'\'' -e '\''s/^[ABCDGIRSTW]* \([^ ]*\) \([^ ]*\)$/  {"\2", (void *) \&\2},/p'\'''
lt_cv_sys_global_symbol_to_c_name_address_lib_prefix='sed -n -e '\''s/^: \([^ ]*\)[ ]*$/  {\"\1\", (void *) 0},/p'\'' -e '\''s/^[ABCDGIRSTW]* \([^ ]*\) \(lib[^ ]*\)$/  {"\2", (void *) \&\2},/p'\'' -e '\''s/^[ABCDGIRSTW]* \([^ ]*\) \([^ ]*\)$/  {"lib\2", (void *) \&\2},/p'\'''
lt_cv_sys_global_symbol_to_cdecl='sed -n -e '\''s/^T .* \(.*\)$/extern int \1();/p'\'' -e '\''s/^[ABCDGIRSTW]* .* \(.*\)$/extern char \1;/p'\'''
lt_cv_sys_max_cmd_len=1572864
lt_cv_to_host_file_cmd=func_convert_file_noop
lt_cv_to_tool_file_cmd=func_convert_file_noop

## ----------------- ##
## Output variables. ##
## ----------------- ##

ACLOCAL='${SHELL} /root/thesis/odroidNetworking/libibverbs-1.1.6/config/missing --run aclocal-1.11'
AMDEPBACKSLASH='\'
AMDEP_FALSE='#'
AMDEP_TRUE=''
AMTAR='${SHELL} /root/thesis/odroidNetworking/libibverbs-1.1.6/config/missing --run tar'
AM_BACKSLASH='\'
AM_DEFAULT_VERBOSITY='0'
AR='ar'
AUTOCONF='${SHELL} /root/thesis/odroidNetworking/libibverbs-1.1.6/config/missing --run autoconf'
AUTOHEADER='${SHELL} /root/thesis/odroidNetworking/libibverbs-1.1.6/config/missing --run autoheader'
AUTOMAKE='${SHELL} /root/thesis/odroidNetworking/libibverbs-1.1.6/config/missing --run automake-1.11'
AWK='gawk'
CC='gcc'
CCDEPMODE='depmode=gcc3'
CFLAGS='-g -O2'
CPP='gcc -E'
CPPFLAGS=''
CYGPATH_W='echo'
DEFS='-DHAVE_CONFIG_H'
DEPDIR='.deps'
DLLTOOL='false'
DSYMUTIL=''
DUMPBIN=''
ECHO_C=''
ECHO_N='-n'
ECHO_T=''
EGREP='/usr/bin/grep -E'
EXEEXT=''
FGREP='/usr/bin/grep -F'
GREP='/usr/bin/grep'
INSTALL_DATA='${INSTALL} -m 644'
INSTALL_PROGRAM='${INSTALL}'
INSTALL_SCRIPT='${INSTALL}'
INSTALL_STRIP_PROGRAM='$(install_sh) -c -s'
LD='/usr/bin/ld'
LDFLAGS=''
LIBIBVERBS_VERSION_SCRIPT='-Wl,--version-script=$(srcdir)/src/libibverbs.map'
LIBOBJS=''
LIBS='-lpthread -ldl '
LIBTOOL='$(SHELL) $(top_builddir)/libtool'
LIPO=''
LN_S='ln -s'
LTLIBOBJS=''
MAKEINFO='${SHELL} /root/thesis/odroidNetworking/libibverbs-1.1.6/config/missing --run makeinfo'
MANIFEST_TOOL=':'
MKDIR_P='/usr/bin/mkdir -p'
NM='/usr/bin/nm -B'
NMEDIT=''
OBJDUMP='objdump'
OBJEXT='o'
OTOOL64=''
OTOOL=''
PACKAGE='libibverbs'
PACKAGE_BUGREPORT='linux-rdma@vger.kernel.org'
PACKAGE_NAME='libibverbs'
PACKAGE_STRING='libibverbs 1.1.6'
PACKAGE_TARNAME='libibverbs'
PACKAGE_URL=''
PACKAGE_VERSION='1.1.6'
PATH_SEPARATOR=':'
RANLIB='ranlib'
SED='/usr/bin/sed'
SET_MAKE=''
SHELL='/bin/sh'
STRIP='strip'
VERSION='1.1.6'
ac_ct_AR='ar'
ac_ct_CC='gcc'
ac_ct_DUMPBIN=''
am__EXEEXT_FALSE=''
am__EXEEXT_TRUE='#'
am__fastdepCC_FALSE='#'
am__fastdepCC_TRUE=''
am__include='include'
am__isrc=''
am__leading_dot='.'
am__quote=''
am__tar='${AMTAR} chof - "$$tardir"'
am__untar='${AMTAR} xf -'
bindir='${exec_prefix}/bin'
build='armv7l-unknown-linux-gnueabi'
build_alias=''
build_cpu='armv7l'
build_os='linux-gnueabi'
build_vendor='unknown'
datadir='${datarootdir}'
datarootdir='${prefix}/share'
docdir='${datarootdir}/doc/${PACKAGE_TARNAME}'
dvidir='${docdir}'
exec_prefix='${prefix}'
host='armv7l-unknown-linux-gnueabi'
host_alias=''
host_cpu='armv7l'
host_os='linux-gnueabi'
host_vendor='unknown'
htmldir='${docdir}'
includedir='${prefix}/include'
infodir='${datarootdir}/info'
install_sh='${SHELL} /root/thesis/odroidNetworking/libibverbs-1.1.6/config/install-sh'
libdir='${exec_prefix}/lib'
libexecdir='${exec_prefix}/libexec'
localedir='${datarootdir}/locale'
localstatedir='${prefix}/var'
mandir='${datarootdir}/man'
mkdir_p='/usr/bin/mkdir -p'
oldincludedir='/usr/include'
pdfdir='${docdir}'
prefix='/usr/local'
program_transform_name='s,x,x,'
psdir='${docdir}'
sbindir='${exec_prefix}/sbin'
sharedstatedir='${prefix}/com'
sysconfdir='${prefix}/etc'
target_alias=''

## ----------- ##
## confdefs.h. ##
## ----------- ##

/* confdefs.h */
#define PACKAGE_NAME "libibverbs"
#define PACKAGE_TARNAME "libibverbs"
#define PACKAGE_VERSION "1.1.6"
#define PACKAGE_STRING "libibverbs 1.1.6"
#define PACKAGE_BUGREPORT "linux-rdma@vger.kernel.org"
#define PACKAGE_URL ""
#define PACKAGE "libibverbs"
#define VERSION "1.1.6"
#define STDC_HEADERS 1
#define HAVE_SYS_TYPES_H 1
#define HAVE_SYS_STAT_H 1
#define HAVE_STDLIB_H 1
#define HAVE_STRING_H 1
#define HAVE_MEMORY_H 1
#define HAVE_STRINGS_H 1
#define HAVE_INTTYPES_H 1
#define HAVE_STDINT_H 1
#define HAVE_UNISTD_H 1
#define __EXTENSIONS__ 1
#define _ALL_SOURCE 1
#define _GNU_SOURCE 1
#define _POSIX_PTHREAD_SEMANTICS 1
#define _TANDEM_SOURCE 1
#define HAVE_DLFCN_H 1
#define LT_OBJDIR ".libs/"
#define NVALGRIND 1
#define HAVE_LIBDL 1
#define HAVE_LIBPTHREAD 1
#define STDC_HEADERS 1
#define HAVE_SYMVER_SUPPORT 1

configure: exit 0

## ---------------------- ##
## Running config.status. ##
## ---------------------- ##

This file was extended by libibverbs config.status 1.1.6, which was
generated by GNU Autoconf 2.69.  Invocation command line was

  CONFIG_FILES    = 
  CONFIG_HEADERS  = 
  CONFIG_LINKS    = 
  CONFIG_COMMANDS = 
  $ ./config.status 

on odroid0

config.status:1089: creating Makefile
config.status:1089: creating libibverbs.spec
config.status:1089: creating config.h
config.status:1270: config.h is unchanged
config.status:1318: executing depfiles commands
config.status:1318: executing libtool commands
